DEBUG   |180307 10:14:18|Fetching filter data from database
DEBUG   |180307 10:14:18|Loading filters
DEBUG   |180307 10:14:18|-- Loading filter Regexdirectories
DEBUG   |180307 10:14:18|-- Loading filter Regextabledata
DEBUG   |180307 10:14:18|-- Loading filter Regexfiles
DEBUG   |180307 10:14:18|-- Loading filter Incremental
DEBUG   |180307 10:14:18|-- Loading filter Skipfiles
DEBUG   |180307 10:14:18|-- Loading filter Directories
DEBUG   |180307 10:14:18|-- Loading filter Extradirs
DEBUG   |180307 10:14:18|-- Loading filter Regexskipdirs
DEBUG   |180307 10:14:18|-- Loading filter Regexskipfiles
DEBUG   |180307 10:14:18|-- Loading filter Tabledata
DEBUG   |180307 10:14:18|-- Loading filter Tables
DEBUG   |180307 10:14:18|-- Loading filter Files
DEBUG   |180307 10:14:18|-- Loading filter Skipdirs
DEBUG   |180307 10:14:18|-- Loading filter Multidb
DEBUG   |180307 10:14:18|-- Loading filter Regextables
DEBUG   |180307 10:14:18|-- Loading filter Systemcachefiles
DEBUG   |180307 10:14:18|-- Loading filter Excludefiles
DEBUG   |180307 10:14:18|-- Loading filter Joomlaskipdirs
DEBUG   |180307 10:14:18|-- Loading filter Cvsfolders
DEBUG   |180307 10:14:18|-- Loading filter Excludefolders
DEBUG   |180307 10:14:18|-- Loading filter Libraries
DEBUG   |180307 10:14:18|-- Loading filter Joomlaskipfiles
DEBUG   |180307 10:14:18|-- Loading filter Sitedb
DEBUG   |180307 10:14:18|-- Loading filter Excludetabledata
DEBUG   |180307 10:14:18|-- Loading filter Siteroot
DEBUG   |180307 10:14:18|Loading optional filters
DEBUG   |180307 10:14:18|-- Loading optional filter Stack\StackErrorlogs
DEBUG   |180307 10:14:18|-- Loading optional filter Stack\StackHoststats
DEBUG   |180307 10:14:18|-- Loading optional filter Stack\StackFinder
DEBUG   |180307 10:14:18|-- Loading optional filter Stack\StackMyjoomla
DEBUG   |180307 10:14:22|Fetching filter data from database
DEBUG   |180307 10:14:22|Loading filters
DEBUG   |180307 10:14:22|-- Loading filter Regexdirectories
DEBUG   |180307 10:14:22|-- Loading filter Regextabledata
DEBUG   |180307 10:14:22|-- Loading filter Regexfiles
DEBUG   |180307 10:14:22|-- Loading filter Incremental
DEBUG   |180307 10:14:22|-- Loading filter Skipfiles
DEBUG   |180307 10:14:22|-- Loading filter Directories
DEBUG   |180307 10:14:22|-- Loading filter Extradirs
DEBUG   |180307 10:14:22|-- Loading filter Regexskipdirs
DEBUG   |180307 10:14:22|-- Loading filter Regexskipfiles
DEBUG   |180307 10:14:22|-- Loading filter Tabledata
DEBUG   |180307 10:14:22|-- Loading filter Tables
DEBUG   |180307 10:14:22|-- Loading filter Files
DEBUG   |180307 10:14:22|-- Loading filter Skipdirs
DEBUG   |180307 10:14:22|-- Loading filter Multidb
DEBUG   |180307 10:14:22|-- Loading filter Regextables
DEBUG   |180307 10:14:22|-- Loading filter Systemcachefiles
DEBUG   |180307 10:14:22|-- Loading filter Excludefiles
DEBUG   |180307 10:14:22|-- Loading filter Joomlaskipdirs
DEBUG   |180307 10:14:22|-- Loading filter Cvsfolders
DEBUG   |180307 10:14:22|-- Loading filter Excludefolders
DEBUG   |180307 10:14:22|-- Loading filter Libraries
DEBUG   |180307 10:14:22|-- Loading filter Joomlaskipfiles
DEBUG   |180307 10:14:22|-- Loading filter Sitedb
DEBUG   |180307 10:14:22|-- Loading filter Excludetabledata
DEBUG   |180307 10:14:22|-- Loading filter Siteroot
DEBUG   |180307 10:14:22|Loading optional filters
DEBUG   |180307 10:14:22|-- Loading optional filter Stack\StackErrorlogs
DEBUG   |180307 10:14:22|-- Loading optional filter Stack\StackHoststats
DEBUG   |180307 10:14:22|-- Loading optional filter Stack\StackFinder
DEBUG   |180307 10:14:22|-- Loading optional filter Stack\StackMyjoomla
